2026-04-15 10:23:07,708 — INFO — ============================================================
2026-04-15 10:23:07,708 — INFO — DÉMARRAGE PIPELINE ETL MEXORA
2026-04-15 10:23:07,709 — INFO — ============================================================
2026-04-15 10:23:07,709 — INFO — --- PHASE EXTRACT ---
2026-04-15 10:23:07,787 — INFO — [EXTRACT] Commandes : 49999 lignes extraites depuis data/commandes_mexora.csv
2026-04-15 10:23:07,789 — INFO — [EXTRACT] Produits : 100 lignes extraites
2026-04-15 10:23:07,793 — INFO — [EXTRACT] Clients : 1020 lignes extraites depuis data/clients_mexora.csv
2026-04-15 10:23:07,798 — INFO — [EXTRACT] Régions : 5 lignes extraites depuis data/regions_maroc.csv
2026-04-15 10:23:07,798 — INFO — --- PHASE TRANSFORM ---
2026-04-15 10:23:07,809 — INFO — [TRANSFORM] R1 doublons : 1500 lignes supprimées
2026-04-15 10:23:08,696 — INFO — [TRANSFORM] R2 dates : 0 dates invalides supprimées
2026-04-15 10:23:08,736 — WARNING — [TRANSFORM] R4 statuts : 0 valeurs non reconnues -> 'inconnu'
2026-04-15 10:23:08,747 — INFO — [TRANSFORM] R5 quantités : 484 lignes supprimées (quantité <= 0)
2026-04-15 10:23:08,760 — INFO — [TRANSFORM] R6 prix : 927 commandes test supprimées
2026-04-15 10:23:08,765 — INFO — [TRANSFORM] R7 livreurs : 3388 valeurs manquantes remplacées par -1
2026-04-15 10:23:08,765 — INFO — [TRANSFORM] Commandes : 49999 -> 47088 lignes (2911 supprimées au total)
2026-04-15 10:23:08,778 — INFO — [TRANSFORM] Clients nettoyés : 1000 lignes restantes sur 1020
2026-04-15 10:23:08,779 — INFO — [TRANSFORM] R1 Produits : Catégories standardisées
2026-04-15 10:23:08,780 — INFO — [TRANSFORM] R2 Produits : 5 prix nuls remplacés par 0.0
2026-04-15 10:23:08,780 — INFO — [TRANSFORM] Produits nettoyés : 100 lignes
2026-04-15 10:23:08,813 — INFO — [BUILD] DIM_TEMPS : 2192 jours générés
2026-04-15 10:23:08,834 — INFO — [BUILD] DIM_CLIENT : 1000 clients
2026-04-15 10:23:08,839 — INFO — [BUILD] DIM_PRODUIT : 100 produits
2026-04-15 10:23:08,840 — INFO — [BUILD] DIM_REGION : 5 régions
2026-04-15 10:23:08,846 — INFO — [BUILD] DIM_LIVREUR : 11 livreurs
2026-04-15 10:23:09,167 — INFO — [BUILD] FAIT_VENTES : 37022 lignes prętes pour chargement
2026-04-15 10:23:09,170 — INFO — --- PHASE LOAD ---
2026-04-15 10:23:09,288 — ERROR — ERREUR PIPELINE : Not an executable object: 'DROP TABLE IF EXISTS dwh_mexora.dim_temps CASCADE;'
Traceback (most recent call last):
  File "C:\Users\manal\AppData\Local\Programs\Python\Python314\Lib\site-packages\sqlalchemy\engine\base.py", line 1415, in execute
    meth = statement._execute_on_connection
           ^^^^^^^^^^^^^^^^^^^^^^^^^^^^^^^^
AttributeError: 'str' object has no attribute '_execute_on_connection'

The above exception was the direct cause of the following exception:

Traceback (most recent call last):
  File "C:\Users\manal\OneDrive\Bureau\mexora_etl\main.py", line 61, in run_pipeline
    charger_dimension(dim_temps,   'dim_temps',   engine)
    ~~~~~~~~~~~~~~~~~^^^^^^^^^^^^^^^^^^^^^^^^^^^^^^^^^^^^
  File "C:\Users\manal\OneDrive\Bureau\mexora_etl\load\loader.py", line 9, in charger_dimension
    con.execute(f"DROP TABLE IF EXISTS dwh_mexora.{table_name} CASCADE;")
    ~~~~~~~~~~~^^^^^^^^^^^^^^^^^^^^^^^^^^^^^^^^^^^^^^^^^^^^^^^^^^^^^^^^^^
  File "C:\Users\manal\AppData\Local\Programs\Python\Python314\Lib\site-packages\sqlalchemy\engine\base.py", line 1417, in execute
    raise exc.ObjectNotExecutableError(statement) from err
sqlalchemy.exc.ObjectNotExecutableError: Not an executable object: 'DROP TABLE IF EXISTS dwh_mexora.dim_temps CASCADE;'
