2026-04-15 07:59:38,030 — INFO — ============================================================
2026-04-15 07:59:38,031 — INFO — DÉMARRAGE PIPELINE ETL MEXORA
2026-04-15 07:59:38,032 — INFO — ============================================================
2026-04-15 07:59:38,032 — INFO — --- PHASE EXTRACT ---
2026-04-15 07:59:38,203 — INFO — [EXTRACT] Commandes : 49999 lignes extraites depuis data/commandes_mexora.csv
2026-04-15 07:59:38,270 — INFO — [EXTRACT] Produits : 100 lignes extraites
2026-04-15 07:59:38,303 — INFO — [EXTRACT] Clients : 1020 lignes extraites depuis data/clients_mexora.csv
2026-04-15 07:59:38,326 — INFO — [EXTRACT] Régions : 5 lignes extraites depuis data/regions_maroc.csv
2026-04-15 07:59:38,327 — INFO — --- PHASE TRANSFORM ---
2026-04-15 07:59:38,345 — INFO — [TRANSFORM] R1 doublons : 1500 lignes supprimées
2026-04-15 07:59:40,644 — INFO — [TRANSFORM] R2 dates : 0 dates invalides supprimées
2026-04-15 07:59:40,743 — WARNING — [TRANSFORM] R4 statuts : 0 valeurs non reconnues -> 'inconnu'
2026-04-15 07:59:40,769 — INFO — [TRANSFORM] R5 quantités : 484 lignes supprimées (quantité <= 0)
2026-04-15 07:59:40,797 — INFO — [TRANSFORM] R6 prix : 927 commandes test supprimées
2026-04-15 07:59:40,809 — INFO — [TRANSFORM] R7 livreurs : 3388 valeurs manquantes remplacées par -1
2026-04-15 07:59:40,810 — INFO — [TRANSFORM] Commandes : 49999 -> 47088 lignes (2911 supprimées au total)
2026-04-15 07:59:40,834 — INFO — [TRANSFORM] Clients nettoyés : 1000 lignes restantes sur 1020
2026-04-15 07:59:40,836 — INFO — [TRANSFORM] R1 Produits : Catégories standardisées
2026-04-15 07:59:40,838 — INFO — [TRANSFORM] R2 Produits : 5 prix nuls remplacés par 0.0
2026-04-15 07:59:40,839 — INFO — [TRANSFORM] Produits nettoyés : 100 lignes
2026-04-15 07:59:40,912 — INFO — [BUILD] DIM_TEMPS : 2192 jours générés
2026-04-15 07:59:40,968 — INFO — [BUILD] DIM_CLIENT : 1000 clients
2026-04-15 07:59:40,974 — INFO — [BUILD] DIM_PRODUIT : 100 produits
2026-04-15 07:59:40,977 — INFO — [BUILD] DIM_REGION : 5 régions
2026-04-15 07:59:40,990 — INFO — [BUILD] DIM_LIVREUR : 11 livreurs
2026-04-15 07:59:41,677 — INFO — [BUILD] FAIT_VENTES : 37022 lignes prętes pour chargement
2026-04-15 07:59:41,682 — INFO — --- PHASE LOAD ---
2026-04-15 07:59:41,682 — INFO — Phase Load en attente de l'Étape 3 (Création DWH).
2026-04-15 07:59:41,683 — INFO — PIPELINE TERMINÉ EN 3 secondes
