2026-04-15 07:34:12,169 — INFO — ============================================================
2026-04-15 07:34:12,170 — INFO — DÉMARRAGE PIPELINE ETL MEXORA
2026-04-15 07:34:12,171 — INFO — ============================================================
2026-04-15 07:34:12,171 — INFO — --- PHASE EXTRACT ---
2026-04-15 07:34:12,228 — INFO — [EXTRACT] Commandes : 1 lignes extraites depuis data/commandes_mexora.csv
2026-04-15 07:34:12,247 — ERROR — ERREUR PIPELINE : Expecting value: line 15 column 5 (char 353)
Traceback (most recent call last):
  File "C:\Users\manal\OneDrive\Bureau\mexora_etl\main.py", line 39, in run_pipeline
    df_produits_raw  = extract_produits('data/produits_mexora.json')
  File "C:\Users\manal\OneDrive\Bureau\mexora_etl\extract\extractor.py", line 20, in extract_produits
    data = json.load(f)
  File "C:\Users\manal\AppData\Local\Programs\Python\Python314\Lib\json\__init__.py", line 298, in load
    return loads(fp.read(),
        cls=cls, object_hook=object_hook,
        parse_float=parse_float, parse_int=parse_int,
        parse_constant=parse_constant, object_pairs_hook=object_pairs_hook, **kw)
  File "C:\Users\manal\AppData\Local\Programs\Python\Python314\Lib\json\__init__.py", line 352, in loads
    return _default_decoder.decode(s)
           ~~~~~~~~~~~~~~~~~~~~~~~^^^
  File "C:\Users\manal\AppData\Local\Programs\Python\Python314\Lib\json\decoder.py", line 345, in decode
    obj, end = self.raw_decode(s, idx=_w(s, 0).end())
               ~~~~~~~~~~~~~~~^^^^^^^^^^^^^^^^^^^^^^^
  File "C:\Users\manal\AppData\Local\Programs\Python\Python314\Lib\json\decoder.py", line 363, in raw_decode
    raise JSONDecodeError("Expecting value", s, err.value) from None
json.decoder.JSONDecodeError: Expecting value: line 15 column 5 (char 353)
