2026-04-15 09:33:38,584 — INFO — ============================================================
2026-04-15 09:33:38,584 — INFO — DÉMARRAGE PIPELINE ETL MEXORA
2026-04-15 09:33:38,584 — INFO — ============================================================
2026-04-15 09:33:38,585 — INFO — --- PHASE EXTRACT ---
2026-04-15 09:33:38,666 — INFO — [EXTRACT] Commandes : 49999 lignes extraites depuis data/commandes_mexora.csv
2026-04-15 09:33:38,669 — INFO — [EXTRACT] Produits : 100 lignes extraites
2026-04-15 09:33:38,674 — INFO — [EXTRACT] Clients : 1020 lignes extraites depuis data/clients_mexora.csv
2026-04-15 09:33:38,676 — INFO — [EXTRACT] Régions : 5 lignes extraites depuis data/regions_maroc.csv
2026-04-15 09:33:38,676 — INFO — --- PHASE TRANSFORM ---
2026-04-15 09:33:38,687 — INFO — [TRANSFORM] R1 doublons : 1500 lignes supprimées
2026-04-15 09:33:39,807 — INFO — [TRANSFORM] R2 dates : 0 dates invalides supprimées
2026-04-15 09:33:39,885 — WARNING — [TRANSFORM] R4 statuts : 0 valeurs non reconnues -> 'inconnu'
2026-04-15 09:33:39,923 — INFO — [TRANSFORM] R5 quantités : 484 lignes supprimées (quantité <= 0)
2026-04-15 09:33:39,947 — INFO — [TRANSFORM] R6 prix : 927 commandes test supprimées
2026-04-15 09:33:39,975 — INFO — [TRANSFORM] R7 livreurs : 3388 valeurs manquantes remplacées par -1
2026-04-15 09:33:39,987 — INFO — [TRANSFORM] Commandes : 49999 -> 47088 lignes (2911 supprimées au total)
2026-04-15 09:33:40,010 — INFO — [TRANSFORM] Clients nettoyés : 1000 lignes restantes sur 1020
2026-04-15 09:33:40,020 — INFO — [TRANSFORM] R1 Produits : Catégories standardisées
2026-04-15 09:33:40,043 — INFO — [TRANSFORM] R2 Produits : 5 prix nuls remplacés par 0.0
2026-04-15 09:33:40,056 — INFO — [TRANSFORM] Produits nettoyés : 100 lignes
2026-04-15 09:33:40,124 — INFO — [BUILD] DIM_TEMPS : 2192 jours générés
2026-04-15 09:33:40,166 — INFO — [BUILD] DIM_CLIENT : 1000 clients
2026-04-15 09:33:40,169 — INFO — [BUILD] DIM_PRODUIT : 100 produits
2026-04-15 09:33:40,170 — INFO — [BUILD] DIM_REGION : 5 régions
2026-04-15 09:33:40,175 — INFO — [BUILD] DIM_LIVREUR : 11 livreurs
2026-04-15 09:33:40,807 — INFO — [BUILD] FAIT_VENTES : 37022 lignes prętes pour chargement
2026-04-15 09:33:40,811 — INFO — --- PHASE LOAD ---
2026-04-15 09:33:45,220 — ERROR — ERREUR PIPELINE : (psycopg2.OperationalError) connection to server at "localhost" (::1), port 5433 failed: Connection refused (0x0000274D/10061)
	Is the server running on that host and accepting TCP/IP connections?
connection to server at "localhost" (127.0.0.1), port 5433 failed: Connection refused (0x0000274D/10061)
	Is the server running on that host and accepting TCP/IP connections?

(Background on this error at: https://sqlalche.me/e/20/e3q8)
Traceback (most recent call last):
  File "C:\Users\manal\AppData\Local\Programs\Python\Python314\Lib\site-packages\sqlalchemy\engine\base.py", line 143, in __init__
    self._dbapi_connection = engine.raw_connection()
                             ~~~~~~~~~~~~~~~~~~~~~^^
  File "C:\Users\manal\AppData\Local\Programs\Python\Python314\Lib\site-packages\sqlalchemy\engine\base.py", line 3317, in raw_connection
    return self.pool.connect()
           ~~~~~~~~~~~~~~~~~^^
  File "C:\Users\manal\AppData\Local\Programs\Python\Python314\Lib\site-packages\sqlalchemy\pool\base.py", line 448, in connect
    return _ConnectionFairy._checkout(self)
           ~~~~~~~~~~~~~~~~~~~~~~~~~~^^^^^^
  File "C:\Users\manal\AppData\Local\Programs\Python\Python314\Lib\site-packages\sqlalchemy\pool\base.py", line 1272, in _checkout
    fairy = _ConnectionRecord.checkout(pool)
  File "C:\Users\manal\AppData\Local\Programs\Python\Python314\Lib\site-packages\sqlalchemy\pool\base.py", line 712, in checkout
    rec = pool._do_get()
  File "C:\Users\manal\AppData\Local\Programs\Python\Python314\Lib\site-packages\sqlalchemy\pool\impl.py", line 177, in _do_get
    with util.safe_reraise():
         ~~~~~~~~~~~~~~~~~^^
  File "C:\Users\manal\AppData\Local\Programs\Python\Python314\Lib\site-packages\sqlalchemy\util\langhelpers.py", line 121, in __exit__
    raise exc_value.with_traceback(exc_tb)
  File "C:\Users\manal\AppData\Local\Programs\Python\Python314\Lib\site-packages\sqlalchemy\pool\impl.py", line 175, in _do_get
    return self._create_connection()
           ~~~~~~~~~~~~~~~~~~~~~~~^^
  File "C:\Users\manal\AppData\Local\Programs\Python\Python314\Lib\site-packages\sqlalchemy\pool\base.py", line 389, in _create_connection
    return _ConnectionRecord(self)
  File "C:\Users\manal\AppData\Local\Programs\Python\Python314\Lib\site-packages\sqlalchemy\pool\base.py", line 674, in __init__
    self.__connect()
    ~~~~~~~~~~~~~~^^
  File "C:\Users\manal\AppData\Local\Programs\Python\Python314\Lib\site-packages\sqlalchemy\pool\base.py", line 900, in __connect
    with util.safe_reraise():
         ~~~~~~~~~~~~~~~~~^^
  File "C:\Users\manal\AppData\Local\Programs\Python\Python314\Lib\site-packages\sqlalchemy\util\langhelpers.py", line 121, in __exit__
    raise exc_value.with_traceback(exc_tb)
  File "C:\Users\manal\AppData\Local\Programs\Python\Python314\Lib\site-packages\sqlalchemy\pool\base.py", line 896, in __connect
    self.dbapi_connection = connection = pool._invoke_creator(self)
                                         ~~~~~~~~~~~~~~~~~~~~^^^^^^
  File "C:\Users\manal\AppData\Local\Programs\Python\Python314\Lib\site-packages\sqlalchemy\engine\create.py", line 667, in connect
    return dialect.connect(*cargs_tup, **cparams)
           ~~~~~~~~~~~~~~~^^^^^^^^^^^^^^^^^^^^^^^
  File "C:\Users\manal\AppData\Local\Programs\Python\Python314\Lib\site-packages\sqlalchemy\engine\default.py", line 630, in connect
    return self.loaded_dbapi.connect(*cargs, **cparams)  # type: ignore[no-any-return]  # NOQA: E501
           ~~~~~~~~~~~~~~~~~~~~~~~~~^^^^^^^^^^^^^^^^^^^
  File "C:\Users\manal\AppData\Local\Programs\Python\Python314\Lib\site-packages\psycopg2\__init__.py", line 135, in connect
    conn = _connect(dsn, connection_factory=connection_factory, **kwasync)
psycopg2.OperationalError: connection to server at "localhost" (::1), port 5433 failed: Connection refused (0x0000274D/10061)
	Is the server running on that host and accepting TCP/IP connections?
connection to server at "localhost" (127.0.0.1), port 5433 failed: Connection refused (0x0000274D/10061)
	Is the server running on that host and accepting TCP/IP connections?


The above exception was the direct cause of the following exception:

Traceback (most recent call last):
  File "C:\Users\manal\OneDrive\Bureau\mexora_etl\main.py", line 61, in run_pipeline
    charger_dimension(dim_temps,   'dim_temps',   engine)
    ~~~~~~~~~~~~~~~~~^^^^^^^^^^^^^^^^^^^^^^^^^^^^^^^^^^^^
  File "C:\Users\manal\OneDrive\Bureau\mexora_etl\load\loader.py", line 11, in charger_dimension
    df.to_sql(
    ~~~~~~~~~^
        name=table_name,
        ^^^^^^^^^^^^^^^^
    ...<5 lines>...
        chunksize=1000
        ^^^^^^^^^^^^^^
    )
    ^
  File "C:\Users\manal\AppData\Local\Programs\Python\Python314\Lib\site-packages\pandas\util\_decorators.py", line 333, in wrapper
    return func(*args, **kwargs)
  File "C:\Users\manal\AppData\Local\Programs\Python\Python314\Lib\site-packages\pandas\core\generic.py", line 3109, in to_sql
    return sql.to_sql(
           ~~~~~~~~~~^
        self,
        ^^^^^
    ...<8 lines>...
        method=method,
        ^^^^^^^^^^^^^^
    )
    ^
  File "C:\Users\manal\AppData\Local\Programs\Python\Python314\Lib\site-packages\pandas\io\sql.py", line 843, in to_sql
    with pandasSQL_builder(con, schema=schema, need_transaction=True) as pandas_sql:
         ~~~~~~~~~~~~~~~~~^^^^^^^^^^^^^^^^^^^^^^^^^^^^^^^^^^^^^^^^^^^
  File "C:\Users\manal\AppData\Local\Programs\Python\Python314\Lib\site-packages\pandas\io\sql.py", line 908, in pandasSQL_builder
    return SQLDatabase(con, schema, need_transaction)
  File "C:\Users\manal\AppData\Local\Programs\Python\Python314\Lib\site-packages\pandas\io\sql.py", line 1648, in __init__
    con = self.exit_stack.enter_context(con.connect())
                                        ~~~~~~~~~~~^^
  File "C:\Users\manal\AppData\Local\Programs\Python\Python314\Lib\site-packages\sqlalchemy\engine\base.py", line 3293, in connect
    return self._connection_cls(self)
           ~~~~~~~~~~~~~~~~~~~~^^^^^^
  File "C:\Users\manal\AppData\Local\Programs\Python\Python314\Lib\site-packages\sqlalchemy\engine\base.py", line 145, in __init__
    Connection._handle_dbapi_exception_noconnection(
    ~~~~~~~~~~~~~~~~~~~~~~~~~~~~~~~~~~~~~~~~~~~~~~~^
        err, dialect, engine
        ^^^^^^^^^^^^^^^^^^^^
    )
    ^
  File "C:\Users\manal\AppData\Local\Programs\Python\Python314\Lib\site-packages\sqlalchemy\engine\base.py", line 2448, in _handle_dbapi_exception_noconnection
    raise sqlalchemy_exception.with_traceback(exc_info[2]) from e
  File "C:\Users\manal\AppData\Local\Programs\Python\Python314\Lib\site-packages\sqlalchemy\engine\base.py", line 143, in __init__
    self._dbapi_connection = engine.raw_connection()
                             ~~~~~~~~~~~~~~~~~~~~~^^
  File "C:\Users\manal\AppData\Local\Programs\Python\Python314\Lib\site-packages\sqlalchemy\engine\base.py", line 3317, in raw_connection
    return self.pool.connect()
           ~~~~~~~~~~~~~~~~~^^
  File "C:\Users\manal\AppData\Local\Programs\Python\Python314\Lib\site-packages\sqlalchemy\pool\base.py", line 448, in connect
    return _ConnectionFairy._checkout(self)
           ~~~~~~~~~~~~~~~~~~~~~~~~~~^^^^^^
  File "C:\Users\manal\AppData\Local\Programs\Python\Python314\Lib\site-packages\sqlalchemy\pool\base.py", line 1272, in _checkout
    fairy = _ConnectionRecord.checkout(pool)
  File "C:\Users\manal\AppData\Local\Programs\Python\Python314\Lib\site-packages\sqlalchemy\pool\base.py", line 712, in checkout
    rec = pool._do_get()
  File "C:\Users\manal\AppData\Local\Programs\Python\Python314\Lib\site-packages\sqlalchemy\pool\impl.py", line 177, in _do_get
    with util.safe_reraise():
         ~~~~~~~~~~~~~~~~~^^
  File "C:\Users\manal\AppData\Local\Programs\Python\Python314\Lib\site-packages\sqlalchemy\util\langhelpers.py", line 121, in __exit__
    raise exc_value.with_traceback(exc_tb)
  File "C:\Users\manal\AppData\Local\Programs\Python\Python314\Lib\site-packages\sqlalchemy\pool\impl.py", line 175, in _do_get
    return self._create_connection()
           ~~~~~~~~~~~~~~~~~~~~~~~^^
  File "C:\Users\manal\AppData\Local\Programs\Python\Python314\Lib\site-packages\sqlalchemy\pool\base.py", line 389, in _create_connection
    return _ConnectionRecord(self)
  File "C:\Users\manal\AppData\Local\Programs\Python\Python314\Lib\site-packages\sqlalchemy\pool\base.py", line 674, in __init__
    self.__connect()
    ~~~~~~~~~~~~~~^^
  File "C:\Users\manal\AppData\Local\Programs\Python\Python314\Lib\site-packages\sqlalchemy\pool\base.py", line 900, in __connect
    with util.safe_reraise():
         ~~~~~~~~~~~~~~~~~^^
  File "C:\Users\manal\AppData\Local\Programs\Python\Python314\Lib\site-packages\sqlalchemy\util\langhelpers.py", line 121, in __exit__
    raise exc_value.with_traceback(exc_tb)
  File "C:\Users\manal\AppData\Local\Programs\Python\Python314\Lib\site-packages\sqlalchemy\pool\base.py", line 896, in __connect
    self.dbapi_connection = connection = pool._invoke_creator(self)
                                         ~~~~~~~~~~~~~~~~~~~~^^^^^^
  File "C:\Users\manal\AppData\Local\Programs\Python\Python314\Lib\site-packages\sqlalchemy\engine\create.py", line 667, in connect
    return dialect.connect(*cargs_tup, **cparams)
           ~~~~~~~~~~~~~~~^^^^^^^^^^^^^^^^^^^^^^^
  File "C:\Users\manal\AppData\Local\Programs\Python\Python314\Lib\site-packages\sqlalchemy\engine\default.py", line 630, in connect
    return self.loaded_dbapi.connect(*cargs, **cparams)  # type: ignore[no-any-return]  # NOQA: E501
           ~~~~~~~~~~~~~~~~~~~~~~~~~^^^^^^^^^^^^^^^^^^^
  File "C:\Users\manal\AppData\Local\Programs\Python\Python314\Lib\site-packages\psycopg2\__init__.py", line 135, in connect
    conn = _connect(dsn, connection_factory=connection_factory, **kwasync)
sqlalchemy.exc.OperationalError: (psycopg2.OperationalError) connection to server at "localhost" (::1), port 5433 failed: Connection refused (0x0000274D/10061)
	Is the server running on that host and accepting TCP/IP connections?
connection to server at "localhost" (127.0.0.1), port 5433 failed: Connection refused (0x0000274D/10061)
	Is the server running on that host and accepting TCP/IP connections?

(Background on this error at: https://sqlalche.me/e/20/e3q8)
